GROUP,PACKAGE,CLASS,INSTRUCTION_MISSED,INSTRUCTION_COVERED,BRANCH_MISSED,BRANCH_COVERED,LINE_MISSED,LINE_COVERED,COMPLEXITY_MISSED,COMPLEXITY_COVERED,METHOD_MISSED,METHOD_COVERED
CSCD211 Concept Map,edu.ewu.cscd211.conceptmap.service,GitHubServiceException,13,0,0,0,6,0,3,0,3,0
CSCD211 Concept Map,edu.ewu.cscd211.conceptmap.service,GitHubDataService,310,0,28,0,71,0,26,0,12,0
CSCD211 Concept Map,edu.ewu.cscd211.conceptmap.service,GitHubDataService.CacheEntry,20,0,2,0,5,0,3,0,2,0
CSCD211 Concept Map,edu.ewu.cscd211.conceptmap.model,RelationshipType,0,39,0,0,0,7,0,1,0,1
CSCD211 Concept Map,edu.ewu.cscd211.conceptmap.model,Concept,2,116,3,15,1,25,3,14,0,8
CSCD211 Concept Map,edu.ewu.cscd211.conceptmap.model,Relationship,6,142,6,20,3,26,6,15,0,8
